<?xml version="1.0" encoding="UTF-8"?>
<!-- Generated by org.testng.reporters.JUnitReportReporter -->
<testsuite hostname="arjuna" failures="0" tests="4" name="testpkg.SauceTest" time="10.915" errors="0" timestamp="2024-04-30T11:03:04 IST" skipped="0">
  <testcase classname="testpkg.SauceTest" name="logintest" time="0.459"/>
  <testcase classname="testpkg.SauceTest" name="hoverclick" time="3.649"/>
  <testcase classname="testpkg.SauceTest" name="details" time="3.641"/>
  <testcase classname="testpkg.SauceTest" name="last" time="3.166"/>
</testsuite> <!-- testpkg.SauceTest -->
